[debug] [2019-01-23T15:03:45.922Z] ----------------------------------------------------------------------
[debug] [2019-01-23T15:03:45.924Z] Command:       /usr/local/bin/node /usr/local/bin/firebase init
[debug] [2019-01-23T15:03:45.924Z] CLI Version:   6.3.0
[debug] [2019-01-23T15:03:45.924Z] Platform:      darwin
[debug] [2019-01-23T15:03:45.924Z] Node Version:  v11.0.0
[debug] [2019-01-23T15:03:45.924Z] Time:          Wed Jan 23 2019 10:03:45 GMT-0500 (Eastern Standard Time)
[debug] [2019-01-23T15:03:45.924Z] ----------------------------------------------------------------------
[debug] 
[debug] [2019-01-23T15:03:45.930Z] > command requires scopes: ["email","openid","https://www.googleapis.com/auth/cloudplatformprojects.readonly","https://www.googleapis.com/auth/firebase","https://www.googleapis.com/auth/cloud-platform"]
[debug] [2019-01-23T15:03:45.930Z] > authorizing via signed-in user
[info] 
     ######## #### ########  ######## ########     ###     ######  ########
     ##        ##  ##     ## ##       ##     ##  ##   ##  ##       ##
     ######    ##  ########  ######   ########  #########  ######  ######
     ##        ##  ##    ##  ##       ##     ## ##     ##       ## ##
     ##       #### ##     ## ######## ########  ##     ##  ######  ########

You're about to initialize a Firebase project in this directory:

  /Users/randy/Sites/efa/javascript-library/2-JavaScript-Projects/01-projects/apiChallenge

[info] 
=== Project Setup
[info] 
[info] First, let's associate this project directory with a Firebase project.
[info] You can create multiple project aliases by running firebase use --add, 
[info] but for now we'll just set up a default project.
[info] 
[debug] [2019-01-23T15:03:54.889Z] >>> HTTP REQUEST GET https://firebase.googleapis.com/v1beta1/projects?page_size=100  
 
[debug] [2019-01-23T15:03:55.126Z] <<< HTTP RESPONSE 200
